[WATCHER] File watcher initialized for real-time status
✅ Server running on http://0.0.0.0:8082
📱 Access from your iPhone: http://0.0.0.0:8082
🔌 Real-time agent status: ENABLED (cache: 2000ms)
📊 Dashboard endpoints:
   - /api/employee-status (agents with EXP/levels)
   - /api/activity (timestamped events)
   - /api/dashboard (leaderboard + events + health)
2026-02-13T21:58:35.839Z GET /api/employee-status
[STATUS] Active: Flint
2026-02-13T21:58:42.393Z GET /api/employee-status
[STATUS] Active: Flint, Cipher
[WATCHER] Session file removed: cipher-1771019921
[WATCHER] Session file removed: 6dcbde26-f097-4c0f-b446-075f65d359dc.jsonl.lock
[WATCHER] Session file removed: cde9fd41-0403-4468-8dc0-ebdf7bb821c6.jsonl.lock
[WATCHER] Session file removed: 6dcbde26-f097-4c0f-b446-075f65d359dc.jsonl.lock
[WATCHER] Cleaned up 1 old session entries
[WATCHER] Session file removed: 6dcbde26-f097-4c0f-b446-075f65d359dc.jsonl.lock
[WATCHER] Session file removed: 6dcbde26-f097-4c0f-b446-075f65d359dc.jsonl.lock
[WATCHER] Session file removed: 6dcbde26-f097-4c0f-b446-075f65d359dc.jsonl.lock
[WATCHER] Cleaned up 1 old session entries
[WATCHER] Session file removed: 6dcbde26-f097-4c0f-b446-075f65d359dc.jsonl.lock
[WATCHER] Session file removed: sessions.json.lock
[WATCHER] Session file removed: 6dcbde26-f097-4c0f-b446-075f65d359dc.jsonl.lock
2026-02-13T22:25:13.720Z GET /
2026-02-13T22:25:13.752Z GET /favicon.ico
2026-02-13T22:25:18.711Z GET /api/employee-status
[STATUS] Active: Flint
2026-02-13T22:25:23.731Z GET /api/employee-status
[STATUS] Active: Flint
2026-02-13T22:25:28.747Z GET /api/employee-status
[STATUS] Active: Flint
2026-02-13T22:25:33.763Z GET /api/employee-status
[STATUS] Active: Flint
2026-02-13T22:25:38.764Z GET /api/employee-status
[STATUS] Active: Flint
2026-02-13T22:25:43.781Z GET /api/employee-status
[STATUS] Active: Flint
2026-02-13T22:25:48.797Z GET /api/employee-status
[STATUS] Active: Flint
2026-02-13T22:25:53.814Z GET /api/employee-status
[STATUS] Active: Flint
2026-02-13T22:25:58.830Z GET /api/employee-status
[STATUS] Active: Flint
2026-02-13T22:26:03.831Z GET /api/employee-status
[STATUS] Active: Flint
2026-02-13T22:26:08.847Z GET /api/employee-status
[STATUS] Active: Flint
2026-02-13T22:26:13.847Z GET /api/employee-status
[STATUS] Active: Flint
2026-02-13T22:26:18.863Z GET /api/employee-status
[STATUS] Active: Flint
2026-02-13T22:26:23.880Z GET /api/employee-status
[STATUS] Active: Flint
2026-02-13T22:26:28.881Z GET /api/employee-status
[STATUS] Active: Flint
2026-02-13T22:26:33.895Z GET /api/employee-status
[STATUS] Active: Flint
2026-02-13T22:26:38.897Z GET /api/employee-status
[STATUS] Active: Flint
2026-02-13T22:26:43.914Z GET /api/employee-status
[STATUS] Active: Flint
2026-02-13T22:26:48.913Z GET /api/employee-status
[STATUS] Active: Flint
2026-02-13T22:26:53.930Z GET /api/employee-status
[STATUS] Active: Flint
2026-02-13T22:26:58.947Z GET /api/employee-status
[STATUS] Active: Flint
2026-02-13T22:27:03.963Z GET /api/employee-status
[STATUS] Active: Flint
2026-02-13T22:27:08.962Z GET /api/employee-status
[STATUS] Active: Flint
2026-02-13T22:27:13.980Z GET /api/employee-status
[STATUS] Active: Flint
2026-02-13T22:27:18.980Z GET /api/employee-status
[STATUS] Active: Flint
2026-02-13T22:27:23.997Z GET /api/employee-status
[STATUS] Active: Flint
2026-02-13T22:27:29.014Z GET /api/employee-status
[STATUS] Active: Flint
2026-02-13T22:27:34.014Z GET /api/employee-status
[STATUS] Active: Flint
2026-02-13T22:27:39.031Z GET /api/employee-status
[STATUS] Active: Flint
2026-02-13T22:27:44.047Z GET /api/employee-status
[STATUS] Active: Flint
2026-02-13T22:27:49.063Z GET /api/employee-status
[STATUS] Active: Flint
2026-02-13T22:27:54.063Z GET /api/employee-status
[STATUS] Active: Flint
[WATCHER] Session file removed: 6dcbde26-f097-4c0f-b446-075f65d359dc.jsonl.lock
[WATCHER] Session file removed: 6dcbde26-f097-4c0f-b446-075f65d359dc.jsonl.lock
[WATCHER] Session file removed: 6dcbde26-f097-4c0f-b446-075f65d359dc.jsonl.lock
2026-02-13T22:36:38.010Z GET /
2026-02-13T22:36:38.073Z GET /favicon.ico
2026-02-13T22:36:43.013Z GET /api/employee-status
[STATUS] Active: Flint
2026-02-13T22:36:48.029Z GET /api/employee-status
[STATUS] Active: Flint
2026-02-13T22:36:53.046Z GET /api/employee-status
[STATUS] Active: Flint
2026-02-13T22:36:58.063Z GET /api/employee-status
[STATUS] Active: Flint
2026-02-13T22:37:03.063Z GET /api/employee-status
[STATUS] Active: Flint
2026-02-13T22:37:08.079Z GET /api/employee-status
[STATUS] Active: Flint
2026-02-13T22:37:13.096Z GET /api/employee-status
[STATUS] Active: Flint
2026-02-13T22:37:18.096Z GET /api/employee-status
[STATUS] Active: Flint
2026-02-13T22:37:23.113Z GET /api/employee-status
[STATUS] Active: Flint
2026-02-13T22:37:28.130Z GET /api/employee-status
[STATUS] Active: Flint
2026-02-13T22:37:33.147Z GET /api/employee-status
[STATUS] Active: Flint
2026-02-13T22:37:38.163Z GET /api/employee-status
[STATUS] Active: Flint
2026-02-13T22:37:43.163Z GET /api/employee-status
[STATUS] Active: Flint
2026-02-13T22:37:48.178Z GET /api/employee-status
[STATUS] Active: Flint
2026-02-13T22:37:53.195Z GET /api/employee-status
[STATUS] Active: Flint
2026-02-13T22:37:58.195Z GET /api/employee-status
[STATUS] Active: Flint
[WATCHER] Session file removed: 6dcbde26-f097-4c0f-b446-075f65d359dc.jsonl.lock
2026-02-13T22:38:03.213Z GET /api/employee-status
[STATUS] Active: Flint
2026-02-13T22:38:08.210Z GET /api/employee-status
[STATUS] Active: Flint
2026-02-13T22:38:10.918Z GET /
2026-02-13T22:38:11.016Z GET /api/employee-status
[STATUS] Active: Flint
2026-02-13T22:38:11.133Z GET /favicon.ico
2026-02-13T22:38:15.929Z GET /api/employee-status
[STATUS] Active: Flint
2026-02-13T22:38:20.929Z GET /api/employee-status
[STATUS] Active: Flint
2026-02-13T22:38:25.947Z GET /api/employee-status
[STATUS] Active: Flint
2026-02-13T22:38:30.963Z GET /api/employee-status
[STATUS] Active: Flint
2026-02-13T22:38:35.959Z GET /api/employee-status
[STATUS] Active: Flint
2026-02-13T22:38:40.979Z GET /api/employee-status
[STATUS] Active: Flint
2026-02-13T22:38:45.979Z GET /api/employee-status
[STATUS] Active: Flint
2026-02-13T22:38:50.997Z GET /api/employee-status
[STATUS] Active: Flint
2026-02-13T22:38:56.012Z GET /api/employee-status
[STATUS] Active: Flint
2026-02-13T22:39:01.029Z GET /api/employee-status
[STATUS] Active: Flint
2026-02-13T22:39:06.047Z GET /api/employee-status
[STATUS] Active: Flint
2026-02-13T22:39:11.063Z GET /api/employee-status
[STATUS] Active: Flint
2026-02-13T22:39:16.062Z GET /api/employee-status
[STATUS] Active: Flint
2026-02-13T22:39:21.080Z GET /api/employee-status
[STATUS] Active: Flint
2026-02-13T22:39:26.079Z GET /api/employee-status
[STATUS] Active: Flint
2026-02-13T22:39:31.096Z GET /api/employee-status
[STATUS] Active: Flint
2026-02-13T22:39:36.113Z GET /api/employee-status
[STATUS] Active: Flint
2026-02-13T22:39:41.130Z GET /api/employee-status
[STATUS] Active: Flint
2026-02-13T22:39:46.146Z GET /api/employee-status
[STATUS] Active: Flint
2026-02-13T22:39:51.163Z GET /api/employee-status
[STATUS] Active: Flint
2026-02-13T22:39:56.163Z GET /api/employee-status
[STATUS] Active: Flint
2026-02-13T22:40:01.176Z GET /api/employee-status
[STATUS] Active: Flint
2026-02-13T22:40:06.197Z GET /api/employee-status
[STATUS] Active: Flint
2026-02-13T22:40:11.196Z GET /api/employee-status
[STATUS] Active: Flint
2026-02-13T22:40:16.213Z GET /api/employee-status
[STATUS] Active: Flint
[WATCHER] Session file removed: 6dcbde26-f097-4c0f-b446-075f65d359dc.jsonl.lock
2026-02-13T22:40:21.228Z GET /api/employee-status
[STATUS] Active: Flint
2026-02-13T22:40:26.228Z GET /api/employee-status
[STATUS] Active: Flint
2026-02-13T22:40:31.229Z GET /api/employee-status
[STATUS] Active: Flint
2026-02-13T22:40:36.229Z GET /api/employee-status
[STATUS] Active: Flint
2026-02-13T22:40:41.227Z GET /api/employee-status
[STATUS] Active: Flint
2026-02-13T22:40:46.230Z GET /api/employee-status
[STATUS] Active: Flint
2026-02-13T22:40:51.246Z GET /api/employee-status
[STATUS] Active: Flint
2026-02-13T22:40:56.263Z GET /api/employee-status
[STATUS] Active: Flint
2026-02-13T22:41:01.263Z GET /api/employee-status
[STATUS] Active: Flint
2026-02-13T22:41:06.278Z GET /api/employee-status
[STATUS] Active: Flint
2026-02-13T22:41:11.278Z GET /api/employee-status
[STATUS] Active: Flint
[WATCHER] Session file removed: 6dcbde26-f097-4c0f-b446-075f65d359dc.jsonl.lock
2026-02-13T22:41:16.296Z GET /api/employee-status
[STATUS] Active: Flint
2026-02-13T22:41:21.312Z GET /api/employee-status
[STATUS] Active: Flint
2026-02-13T22:41:26.312Z GET /api/employee-status
[STATUS] Active: Flint
2026-02-13T22:41:31.329Z GET /api/employee-status
[STATUS] Active: Flint
2026-02-13T22:41:36.346Z GET /api/employee-status
[STATUS] Active: Flint
2026-02-13T22:41:41.346Z GET /api/employee-status
[STATUS] Active: Flint
2026-02-13T22:41:46.362Z GET /api/employee-status
[STATUS] Active: Flint
2026-02-13T22:41:51.379Z GET /api/employee-status
[STATUS] Active: Flint
2026-02-13T22:41:53.464Z GET /
2026-02-13T22:41:53.622Z GET /api/employee-status
[STATUS] Active: Flint
2026-02-13T22:41:53.787Z GET /favicon.ico
2026-02-13T22:41:58.529Z GET /api/employee-status
[STATUS] Active: Flint
2026-02-13T22:42:03.546Z GET /api/employee-status
[STATUS] Active: Flint
2026-02-13T22:42:08.561Z GET /api/employee-status
[STATUS] Active: Flint
2026-02-13T22:42:13.562Z GET /api/employee-status
[STATUS] Active: Flint
2026-02-13T22:42:18.579Z GET /api/employee-status
[STATUS] Active: Flint
2026-02-13T22:42:23.596Z GET /api/employee-status
[STATUS] Active: Flint
2026-02-13T22:42:28.595Z GET /api/employee-status
[STATUS] Active: Flint
[WATCHER] Session file removed: 6dcbde26-f097-4c0f-b446-075f65d359dc.jsonl.lock
[WATCHER] Session file removed: 6dcbde26-f097-4c0f-b446-075f65d359dc.jsonl.lock
[WATCHER] Session file removed: 6dcbde26-f097-4c0f-b446-075f65d359dc.jsonl.lock
[WATCHER] Session file removed: cde9fd41-0403-4468-8dc0-ebdf7bb821c6
[WATCHER] Cleaned up 1 old session entries
[WATCHER] Session file removed: 6dcbde26-f097-4c0f-b446-075f65d359dc.jsonl.lock
[WATCHER] Session file removed: 6dcbde26-f097-4c0f-b446-075f65d359dc.jsonl.lock
[WATCHER] Session file removed: 5d16119b-17d5-43c3-9473-82a17e29666b.jsonl.lock
[WATCHER] Session file removed: 6dcbde26-f097-4c0f-b446-075f65d359dc.jsonl.lock
[WATCHER] Cleaned up 1 old session entries
[WATCHER] Session file removed: 6dcbde26-f097-4c0f-b446-075f65d359dc.jsonl.lock
[WATCHER] Session file removed: 6dcbde26-f097-4c0f-b446-075f65d359dc.jsonl.lock
[WATCHER] Session file removed: 6dcbde26-f097-4c0f-b446-075f65d359dc.jsonl.lock
[WATCHER] Session file removed: 6dcbde26-f097-4c0f-b446-075f65d359dc.jsonl.lock
[WATCHER] Session file removed: 37f7c650-c465-4c8c-8168-4e523e6bbec7.jsonl.lock
[WATCHER] Session file removed: 6dcbde26-f097-4c0f-b446-075f65d359dc.jsonl.lock
[WATCHER] Session file removed: 6dcbde26-f097-4c0f-b446-075f65d359dc.jsonl.lock
[WATCHER] Cleaned up 1 old session entries
[WATCHER] Session file removed: 12ef00d3-9119-4dbc-b3db-7c04076d5485.jsonl.lock
[WATCHER] Cleaned up 1 old session entries
[WATCHER] Session file removed: 6dcbde26-f097-4c0f-b446-075f65d359dc.jsonl.lock
[WATCHER] Cleaned up 1 old session entries
[WATCHER] Session file removed: 6dcbde26-f097-4c0f-b446-075f65d359dc.jsonl.lock
[WATCHER] Session file removed: 6dcbde26-f097-4c0f-b446-075f65d359dc.jsonl.lock
[WATCHER] Cleaned up 1 old session entries
[WATCHER] Session file removed: 6dcbde26-f097-4c0f-b446-075f65d359dc.jsonl.lock
[WATCHER] Session file removed: 5d16119b-17d5-43c3-9473-82a17e29666b
[WATCHER] Cleaned up 1 old session entries
[WATCHER] Session file removed: 37f7c650-c465-4c8c-8168-4e523e6bbec7
[WATCHER] Session file removed: 12ef00d3-9119-4dbc-b3db-7c04076d5485
[WATCHER] Session file removed: 6dcbde26-f097-4c0f-b446-075f65d359dc.jsonl.lock
[WATCHER] Cleaned up 1 old session entries
[WATCHER] Session file removed: 6dcbde26-f097-4c0f-b446-075f65d359dc.jsonl.lock
[WATCHER] Cleaned up 1 old session entries
[WATCHER] Session file removed: 6dcbde26-f097-4c0f-b446-075f65d359dc.jsonl.lock
[WATCHER] Cleaned up 1 old session entries
[WATCHER] Session file removed: 6dcbde26-f097-4c0f-b446-075f65d359dc.jsonl.lock
[WATCHER] Session file removed: 6dcbde26-f097-4c0f-b446-075f65d359dc.jsonl.lock
[WATCHER] Session file removed: 65b0b297-8fb0-4b57-b64e-5c409d38419b.jsonl.lock
[WATCHER] Session file removed: 6dcbde26-f097-4c0f-b446-075f65d359dc.jsonl.lock
[WATCHER] Session file removed: 6dcbde26-f097-4c0f-b446-075f65d359dc.jsonl.lock
[WATCHER] Cleaned up 1 old session entries
[WATCHER] Session file removed: 6dcbde26-f097-4c0f-b446-075f65d359dc.jsonl.lock
[WATCHER] Session file removed: 6dcbde26-f097-4c0f-b446-075f65d359dc.jsonl.lock
[WATCHER] Session file removed: 6dcbde26-f097-4c0f-b446-075f65d359dc.jsonl.lock
[WATCHER] Session file removed: 6dcbde26-f097-4c0f-b446-075f65d359dc.jsonl.lock
[WATCHER] Session file removed: 6dcbde26-f097-4c0f-b446-075f65d359dc.jsonl.lock
[WATCHER] Session file removed: 6dcbde26-f097-4c0f-b446-075f65d359dc.jsonl.lock
[WATCHER] Session file removed: 6dcbde26-f097-4c0f-b446-075f65d359dc.jsonl.lock
[WATCHER] Session file removed: 6dcbde26-f097-4c0f-b446-075f65d359dc.jsonl.lock
[WATCHER] Session file removed: 6dcbde26-f097-4c0f-b446-075f65d359dc.jsonl.lock
[WATCHER] Session file removed: 6dcbde26-f097-4c0f-b446-075f65d359dc.jsonl.lock
[WATCHER] Session file removed: 6dcbde26-f097-4c0f-b446-075f65d359dc.jsonl.lock
[WATCHER] Session file removed: 6dcbde26-f097-4c0f-b446-075f65d359dc.jsonl.lock
[WATCHER] Session file removed: 6dcbde26-f097-4c0f-b446-075f65d359dc.jsonl.lock
[WATCHER] Session file removed: 6dcbde26-f097-4c0f-b446-075f65d359dc.jsonl.lock
[WATCHER] Session file removed: 6dcbde26-f097-4c0f-b446-075f65d359dc.jsonl.lock
[WATCHER] Session file removed: 65b0b297-8fb0-4b57-b64e-5c409d38419b
[WATCHER] Session file removed: 6dcbde26-f097-4c0f-b446-075f65d359dc.jsonl.lock
[WATCHER] Session file removed: 6dcbde26-f097-4c0f-b446-075f65d359dc.jsonl.lock
[WATCHER] Session file removed: 6dcbde26-f097-4c0f-b446-075f65d359dc.jsonl.lock
[WATCHER] Session file removed: 6dcbde26-f097-4c0f-b446-075f65d359dc.jsonl.lock
[WATCHER] Session file removed: 6dcbde26-f097-4c0f-b446-075f65d359dc.jsonl.lock
[WATCHER] Session file removed: 6dcbde26-f097-4c0f-b446-075f65d359dc.jsonl.lock
[WATCHER] Session file removed: 6dcbde26-f097-4c0f-b446-075f65d359dc.jsonl.lock
[WATCHER] Session file removed: 6dcbde26-f097-4c0f-b446-075f65d359dc.jsonl.lock
[WATCHER] Cleaned up 1 old session entries
[WATCHER] Session file removed: 6dcbde26-f097-4c0f-b446-075f65d359dc.jsonl.lock
[WATCHER] Cleaned up 1 old session entries
[WATCHER] Session file removed: 6dcbde26-f097-4c0f-b446-075f65d359dc.jsonl.lock
[WATCHER] Session file removed: 6dcbde26-f097-4c0f-b446-075f65d359dc.jsonl.lock
[WATCHER] Session file removed: 6dcbde26-f097-4c0f-b446-075f65d359dc.jsonl.lock
[WATCHER] Session file removed: 6dcbde26-f097-4c0f-b446-075f65d359dc.jsonl.lock
[WATCHER] Cleaned up 1 old session entries
[WATCHER] Session file removed: 6dcbde26-f097-4c0f-b446-075f65d359dc.jsonl.lock
[WATCHER] Session file removed: 6dcbde26-f097-4c0f-b446-075f65d359dc.jsonl.lock
